<?xml version="1.0" encoding="UTF-8"?>
<!-- Generated by org.testng.reporters.JUnitReportReporter -->
<testsuite hostname="SupriyaKole" failures="0" tests="1" name="restBDD.PostBddReq" time="5.102" errors="0" timestamp="04 Jun 2022 05:31:49 GMT" skipped="0">
  <testcase classname="restBDD.PostBddReq" name="test1" time="5.102"/>
</testsuite> <!-- restBDD.PostBddReq -->
