<?xml version="1.0" encoding="UTF-8"?>
<!-- Generated by org.testng.reporters.JUnitReportReporter -->
<testsuite hostname="SupriyaKole" failures="0" tests="1" name="restapi.POSTrequest" time="6.261" errors="0" timestamp="28 May 2022 06:30:08 GMT" skipped="0">
  <testcase classname="restapi.POSTrequest" name="test1" time="6.261"/>
</testsuite> <!-- restapi.POSTrequest -->
