<?xml version="1.0" encoding="UTF-8"?>
<!-- Generated by org.testng.reporters.JUnitReportReporter -->
<testsuite hostname="SupriyaKole" failures="0" tests="1" name="restBDD.PutBddReq" time="4.850" errors="0" timestamp="04 Jun 2022 05:32:33 GMT" skipped="0">
  <testcase classname="restBDD.PutBddReq" name="test1" time="4.850"/>
</testsuite> <!-- restBDD.PutBddReq -->
