<?xml version="1.0" encoding="UTF-8"?>
<!-- Generated by org.testng.reporters.JUnitReportReporter -->
<testsuite hostname="SupriyaKole" failures="0" tests="2" name="github.EndtoEndTest" time="5.711" errors="0" timestamp="29 May 2022 07:25:03 GMT" skipped="0">
  <testcase classname="github.EndtoEndTest" name="test1" time="4.069"/>
  <testcase classname="github.EndtoEndTest" name="test2" time="1.642"/>
</testsuite> <!-- github.EndtoEndTest -->
