<?xml version="1.0" encoding="UTF-8"?>
<!-- Generated by org.testng.reporters.JUnitReportReporter -->
<testsuite hostname="SupriyaKole" failures="0" tests="1" name="restBDD.GetBDDReq" time="3.155" errors="0" timestamp="04 Jun 2022 05:36:46 GMT" skipped="0">
  <testcase classname="restBDD.GetBDDReq" name="test1" time="3.155"/>
</testsuite> <!-- restBDD.GetBDDReq -->
