<?xml version="1.0" encoding="UTF-8"?>
<!-- Generated by org.testng.reporters.JUnitReportReporter -->
<testsuite hostname="SupriyaKole" failures="0" tests="1" name="restapi.GETrequest" time="4.728" errors="0" timestamp="29 May 2022 05:55:55 GMT" skipped="0">
  <testcase classname="restapi.GETrequest" name="test1" time="4.728"/>
</testsuite> <!-- restapi.GETrequest -->
