<?xml version="1.0" encoding="UTF-8"?>
<!-- Generated by org.testng.reporters.JUnitReportReporter -->
<testsuite hostname="SupriyaKole" failures="0" tests="1" name="apichaining.EndToEndTest" time="4.848" errors="0" timestamp="29 May 2022 07:00:42 GMT" skipped="0">
  <testcase classname="apichaining.EndToEndTest" name="test1" time="4.848"/>
</testsuite> <!-- apichaining.EndToEndTest -->
