<?xml version="1.0" encoding="UTF-8"?>
<!-- Generated by org.testng.reporters.JUnitReportReporter -->
<testsuite hostname="SupriyaKole" failures="0" tests="1" name="restapi.PostReqWithJsonObject" time="3.551" errors="0" timestamp="28 May 2022 06:40:40 GMT" skipped="0">
  <testcase classname="restapi.PostReqWithJsonObject" name="test1" time="3.551"/>
</testsuite> <!-- restapi.PostReqWithJsonObject -->
