<?xml version="1.0" encoding="UTF-8"?>
<!-- Generated by org.testng.reporters.JUnitReportReporter -->
<testsuite hostname="SupriyaKole" failures="0" tests="1" name="restapi.PostReqwithFILE" time="3.921" errors="0" timestamp="28 May 2022 07:23:59 GMT" skipped="0">
  <testcase classname="restapi.PostReqwithFILE" name="test1" time="3.921"/>
</testsuite> <!-- restapi.PostReqwithFILE -->
