<?xml version="1.0" encoding="UTF-8"?>
<!-- Generated by org.testng.reporters.JUnitReportReporter -->
<testsuite hostname="SupriyaKole" failures="0" tests="1" name="restapi.PostReqwithMAP" time="5.101" errors="0" timestamp="28 May 2022 06:53:43 GMT" skipped="0">
  <testcase classname="restapi.PostReqwithMAP" name="test1" time="5.101"/>
</testsuite> <!-- restapi.PostReqwithMAP -->
