<?xml version="1.0" encoding="UTF-8"?>
<!-- Generated by org.testng.reporters.JUnitReportReporter -->
<testsuite hostname="SupriyaKole" failures="0" tests="1" name="restapi.PUTrequest" time="4.063" errors="0" timestamp="29 May 2022 03:54:27 GMT" skipped="0">
  <testcase classname="restapi.PUTrequest" name="test1" time="4.063"/>
</testsuite> <!-- restapi.PUTrequest -->
