<?xml version="1.0" encoding="UTF-8"?>
<!-- Generated by org.testng.reporters.JUnitReportReporter -->
<testsuite hostname="SupriyaKole" failures="0" tests="1" name="restApiXML.XMLTest" time="5.391" errors="0" timestamp="04 Jun 2022 06:39:03 GMT" skipped="0">
  <testcase classname="restApiXML.XMLTest" name="test2" time="5.391"/>
</testsuite> <!-- restApiXML.XMLTest -->
