<?xml version="1.0" encoding="UTF-8"?>
<!-- Generated by org.testng.reporters.JUnitReportReporter -->
<testsuite hostname="SupriyaKole" failures="0" tests="1" name="restapi.GETrequestwithPARAMS" time="3.242" errors="0" timestamp="28 May 2022 05:28:38 GMT" skipped="0">
  <testcase classname="restapi.GETrequestwithPARAMS" name="test1" time="3.242"/>
</testsuite> <!-- restapi.GETrequestwithPARAMS -->
